2023-12-03 21:12:54,682 INFO Start polling
2023-12-03 21:12:58,327 INFO Run polling for bot @swzy_bot id=6768503726 - 'SWZY!'
2023-12-03 21:14:14,704 INFO Polling stopped
2023-12-03 21:14:14,966 INFO Polling stopped for bot @swzy_bot id=6768503726 - 'SWZY!'
2023-12-03 21:14:53,096 INFO Start polling
2023-12-03 21:14:53,203 INFO Run polling for bot @swzy_bot id=6768503726 - 'SWZY!'
2023-12-03 21:14:53,337 INFO Update id=683638687 is not handled. Duration 0 ms by bot id=6768503726
2023-12-03 21:14:53,337 INFO Update id=683638688 is not handled. Duration 0 ms by bot id=6768503726
2023-12-03 21:14:55,386 INFO Update id=683638689 is not handled. Duration 0 ms by bot id=6768503726
2023-12-03 21:15:29,756 INFO Polling stopped
2023-12-03 21:15:30,363 INFO Polling stopped for bot @swzy_bot id=6768503726 - 'SWZY!'
2023-12-03 21:22:33,902 INFO Start polling
2023-12-03 21:22:33,995 INFO Run polling for bot @swzy_bot id=6768503726 - 'SWZY!'
2023-12-03 21:29:35,767 INFO Polling stopped
2023-12-03 21:29:36,394 INFO Polling stopped for bot @swzy_bot id=6768503726 - 'SWZY!'
2023-12-03 22:37:41,193 INFO Start polling
2023-12-03 22:37:41,339 INFO Run polling for bot @swzy_bot id=6768503726 - 'SWZY!'
2023-12-03 22:37:46,427 INFO Update id=683638690 is handled. Duration 360 ms by bot id=6768503726
2023-12-03 22:38:42,825 INFO Polling stopped
2023-12-03 22:38:43,363 INFO Polling stopped for bot @swzy_bot id=6768503726 - 'SWZY!'
2023-12-03 22:38:45,395 INFO Start polling
2023-12-03 22:38:45,475 INFO Run polling for bot @swzy_bot id=6768503726 - 'SWZY!'
2023-12-03 22:38:46,654 INFO Update id=683638691 is handled. Duration 280 ms by bot id=6768503726
2023-12-03 22:38:50,663 INFO Update id=683638692 is handled. Duration 171 ms by bot id=6768503726
2023-12-03 22:38:51,557 INFO Update id=683638693 is handled. Duration 140 ms by bot id=6768503726
2023-12-03 22:40:02,003 INFO Polling stopped
2023-12-03 22:40:02,571 INFO Polling stopped for bot @swzy_bot id=6768503726 - 'SWZY!'
2023-12-03 22:40:04,465 INFO Start polling
2023-12-03 22:40:04,559 INFO Run polling for bot @swzy_bot id=6768503726 - 'SWZY!'
2023-12-03 22:40:10,285 INFO Update id=683638694 is handled. Duration 375 ms by bot id=6768503726
2023-12-03 23:37:38,971 INFO Polling stopped
2023-12-03 23:37:39,541 INFO Polling stopped for bot @swzy_bot id=6768503726 - 'SWZY!'
2023-12-03 23:37:42,594 INFO Start polling
2023-12-03 23:37:42,686 INFO Run polling for bot @swzy_bot id=6768503726 - 'SWZY!'
2023-12-03 23:38:25,323 INFO Update id=683638695 is handled. Duration 296 ms by bot id=6768503726
2023-12-03 23:39:04,245 INFO Update id=683638696 is handled. Duration 312 ms by bot id=6768503726
2023-12-03 23:41:55,325 INFO Update id=683638697 is handled. Duration 264 ms by bot id=6768503726
